/home/rameez/ew_rs/src/install/rl_detect/lib/python3.10/site-packages/rl_detect/DetectionDrawer.py
/home/rameez/ew_rs/src/install/rl_detect/lib/python3.10/site-packages/rl_detect/DetectionDrawer copy 4.py
/home/rameez/ew_rs/src/install/rl_detect/lib/python3.10/site-packages/rl_detect/YOLOWorld.py
/home/rameez/ew_rs/src/install/rl_detect/lib/python3.10/site-packages/rl_detect/segutils.py
/home/rameez/ew_rs/src/install/rl_detect/lib/python3.10/site-packages/rl_detect/DetectionDrawer_w.py
/home/rameez/ew_rs/src/install/rl_detect/lib/python3.10/site-packages/rl_detect/ModelExporter.py
/home/rameez/ew_rs/src/install/rl_detect/lib/python3.10/site-packages/rl_detect/nms.py
/home/rameez/ew_rs/src/install/rl_detect/lib/python3.10/site-packages/rl_detect/DetectionDrawer copy 2.py
/home/rameez/ew_rs/src/install/rl_detect/lib/python3.10/site-packages/rl_detect/DetectionDrawer_3dbbox.py
/home/rameez/ew_rs/src/install/rl_detect/lib/python3.10/site-packages/rl_detect/DetectionDrawer copy.py
/home/rameez/ew_rs/src/install/rl_detect/lib/python3.10/site-packages/rl_detect/__init__.py
/home/rameez/ew_rs/src/install/rl_detect/lib/python3.10/site-packages/rl_detect/DetectionDrawer_node.py
/home/rameez/ew_rs/src/install/rl_detect/lib/python3.10/site-packages/rl_detect/DetectionDrawer3dbbox_mine.py
/home/rameez/ew_rs/src/install/rl_detect/lib/python3.10/site-packages/rl_detect/efficient_sam.py
/home/rameez/ew_rs/src/install/rl_detect/lib/python3.10/site-packages/rl_detect/DetectionDrawer_node2.py
/home/rameez/ew_rs/src/install/rl_detect/lib/python3.10/site-packages/rl_detect/DetectionDrawer_sam.py
/home/rameez/ew_rs/src/install/rl_detect/lib/python3.10/site-packages/rl_detect/DetectionDrawer_3dbbox_clust.py
/home/rameez/ew_rs/src/install/rl_detect/lib/python3.10/site-packages/rl_detect/DetectionDrawer copy 3.py
/home/rameez/ew_rs/src/install/rl_detect/lib/python3.10/site-packages/rl_detect/mask_gen.py
/home/rameez/ew_rs/src/install/rl_detect/lib/python3.10/site-packages/rl_detect/TextEmbedder.py
/home/rameez/ew_rs/src/install/rl_detect/lib/python3.10/site-packages/scripts/intel_pub2.py
/home/rameez/ew_rs/src/install/rl_detect/lib/python3.10/site-packages/scripts/intel_yolo_3dbbox_node.py
/home/rameez/ew_rs/src/install/rl_detect/lib/python3.10/site-packages/scripts/opencv_pointcloud_viewer.py
/home/rameez/ew_rs/src/install/rl_detect/lib/python3.10/site-packages/scripts/intel_yolo2may.py
/home/rameez/ew_rs/src/install/rl_detect/lib/python3.10/site-packages/scripts/__init__.py
/home/rameez/ew_rs/src/install/rl_detect/lib/python3.10/site-packages/scripts/intel_yolo copy.py
/home/rameez/ew_rs/src/install/rl_detect/lib/python3.10/site-packages/scripts/intel_sub.py
/home/rameez/ew_rs/src/install/rl_detect/lib/python3.10/site-packages/scripts/intel_yolo_ppseg.py
/home/rameez/ew_rs/src/install/rl_detect/lib/python3.10/site-packages/scripts/intel_yolo copy 2.py
/home/rameez/ew_rs/src/install/rl_detect/lib/python3.10/site-packages/scripts/intel_dmp.py
/home/rameez/ew_rs/src/install/rl_detect/lib/python3.10/site-packages/scripts/intel_yolo_o3d_pcl_save.py
/home/rameez/ew_rs/src/install/rl_detect/lib/python3.10/site-packages/scripts/intel_yolo_3dbbox_node2.py
/home/rameez/ew_rs/src/install/rl_detect/lib/python3.10/site-packages/scripts/intel_yolo_3dbbox.py
/home/rameez/ew_rs/src/install/rl_detect/lib/python3.10/site-packages/scripts/intel_yolo_3dpc.py
/home/rameez/ew_rs/src/install/rl_detect/lib/python3.10/site-packages/scripts/o3d.py
/home/rameez/ew_rs/src/install/rl_detect/lib/python3.10/site-packages/scripts/intel_sub copy.py
/home/rameez/ew_rs/src/install/rl_detect/lib/python3.10/site-packages/scripts/intel_yolo_depth.py
/home/rameez/ew_rs/src/install/rl_detect/lib/python3.10/site-packages/scripts/intel_yolo_m_sam.py
/home/rameez/ew_rs/src/install/rl_detect/lib/python3.10/site-packages/scripts/intel_yolo2may2.py
/home/rameez/ew_rs/src/install/rl_detect/lib/python3.10/site-packages/scripts/intel_yolo.py
/home/rameez/ew_rs/src/install/rl_detect/lib/python3.10/site-packages/scripts/intel_yolo_depth_2.py
/home/rameez/ew_rs/src/install/rl_detect/lib/python3.10/site-packages/scripts/intel_yolo_sam.py
/home/rameez/ew_rs/src/install/rl_detect/lib/python3.10/site-packages/scripts/intel_yolo_3dseg.py
/home/rameez/ew_rs/src/install/rl_detect/lib/python3.10/site-packages/scripts/intel_yolo_2d.py
/home/rameez/ew_rs/src/install/rl_detect/lib/python3.10/site-packages/scripts/intel_pub.py
/home/rameez/ew_rs/src/install/rl_detect/lib/python3.10/site-packages/rl_detect/__pycache__/DetectionDrawer.cpython-310.pyc
/home/rameez/ew_rs/src/install/rl_detect/lib/python3.10/site-packages/rl_detect/__pycache__/DetectionDrawer copy 4.cpython-310.pyc
/home/rameez/ew_rs/src/install/rl_detect/lib/python3.10/site-packages/rl_detect/__pycache__/YOLOWorld.cpython-310.pyc
/home/rameez/ew_rs/src/install/rl_detect/lib/python3.10/site-packages/rl_detect/__pycache__/segutils.cpython-310.pyc
/home/rameez/ew_rs/src/install/rl_detect/lib/python3.10/site-packages/rl_detect/__pycache__/DetectionDrawer_w.cpython-310.pyc
/home/rameez/ew_rs/src/install/rl_detect/lib/python3.10/site-packages/rl_detect/__pycache__/ModelExporter.cpython-310.pyc
/home/rameez/ew_rs/src/install/rl_detect/lib/python3.10/site-packages/rl_detect/__pycache__/nms.cpython-310.pyc
/home/rameez/ew_rs/src/install/rl_detect/lib/python3.10/site-packages/rl_detect/__pycache__/DetectionDrawer copy 2.cpython-310.pyc
/home/rameez/ew_rs/src/install/rl_detect/lib/python3.10/site-packages/rl_detect/__pycache__/DetectionDrawer_3dbbox.cpython-310.pyc
/home/rameez/ew_rs/src/install/rl_detect/lib/python3.10/site-packages/rl_detect/__pycache__/DetectionDrawer copy.cpython-310.pyc
/home/rameez/ew_rs/src/install/rl_detect/lib/python3.10/site-packages/rl_detect/__pycache__/__init__.cpython-310.pyc
/home/rameez/ew_rs/src/install/rl_detect/lib/python3.10/site-packages/rl_detect/__pycache__/DetectionDrawer_node.cpython-310.pyc
/home/rameez/ew_rs/src/install/rl_detect/lib/python3.10/site-packages/rl_detect/__pycache__/DetectionDrawer3dbbox_mine.cpython-310.pyc
/home/rameez/ew_rs/src/install/rl_detect/lib/python3.10/site-packages/rl_detect/__pycache__/efficient_sam.cpython-310.pyc
/home/rameez/ew_rs/src/install/rl_detect/lib/python3.10/site-packages/rl_detect/__pycache__/DetectionDrawer_node2.cpython-310.pyc
/home/rameez/ew_rs/src/install/rl_detect/lib/python3.10/site-packages/rl_detect/__pycache__/DetectionDrawer_sam.cpython-310.pyc
/home/rameez/ew_rs/src/install/rl_detect/lib/python3.10/site-packages/rl_detect/__pycache__/DetectionDrawer_3dbbox_clust.cpython-310.pyc
/home/rameez/ew_rs/src/install/rl_detect/lib/python3.10/site-packages/rl_detect/__pycache__/DetectionDrawer copy 3.cpython-310.pyc
/home/rameez/ew_rs/src/install/rl_detect/lib/python3.10/site-packages/rl_detect/__pycache__/mask_gen.cpython-310.pyc
/home/rameez/ew_rs/src/install/rl_detect/lib/python3.10/site-packages/rl_detect/__pycache__/TextEmbedder.cpython-310.pyc
/home/rameez/ew_rs/src/install/rl_detect/lib/python3.10/site-packages/scripts/__pycache__/intel_pub2.cpython-310.pyc
/home/rameez/ew_rs/src/install/rl_detect/lib/python3.10/site-packages/scripts/__pycache__/intel_yolo_3dbbox_node.cpython-310.pyc
/home/rameez/ew_rs/src/install/rl_detect/lib/python3.10/site-packages/scripts/__pycache__/opencv_pointcloud_viewer.cpython-310.pyc
/home/rameez/ew_rs/src/install/rl_detect/lib/python3.10/site-packages/scripts/__pycache__/intel_yolo2may.cpython-310.pyc
/home/rameez/ew_rs/src/install/rl_detect/lib/python3.10/site-packages/scripts/__pycache__/__init__.cpython-310.pyc
/home/rameez/ew_rs/src/install/rl_detect/lib/python3.10/site-packages/scripts/__pycache__/intel_yolo copy.cpython-310.pyc
/home/rameez/ew_rs/src/install/rl_detect/lib/python3.10/site-packages/scripts/__pycache__/intel_sub.cpython-310.pyc
/home/rameez/ew_rs/src/install/rl_detect/lib/python3.10/site-packages/scripts/__pycache__/intel_yolo_ppseg.cpython-310.pyc
/home/rameez/ew_rs/src/install/rl_detect/lib/python3.10/site-packages/scripts/__pycache__/intel_yolo copy 2.cpython-310.pyc
/home/rameez/ew_rs/src/install/rl_detect/lib/python3.10/site-packages/scripts/__pycache__/intel_dmp.cpython-310.pyc
/home/rameez/ew_rs/src/install/rl_detect/lib/python3.10/site-packages/scripts/__pycache__/intel_yolo_o3d_pcl_save.cpython-310.pyc
/home/rameez/ew_rs/src/install/rl_detect/lib/python3.10/site-packages/scripts/__pycache__/intel_yolo_3dbbox_node2.cpython-310.pyc
/home/rameez/ew_rs/src/install/rl_detect/lib/python3.10/site-packages/scripts/__pycache__/intel_yolo_3dbbox.cpython-310.pyc
/home/rameez/ew_rs/src/install/rl_detect/lib/python3.10/site-packages/scripts/__pycache__/intel_yolo_3dpc.cpython-310.pyc
/home/rameez/ew_rs/src/install/rl_detect/lib/python3.10/site-packages/scripts/__pycache__/o3d.cpython-310.pyc
/home/rameez/ew_rs/src/install/rl_detect/lib/python3.10/site-packages/scripts/__pycache__/intel_sub copy.cpython-310.pyc
/home/rameez/ew_rs/src/install/rl_detect/lib/python3.10/site-packages/scripts/__pycache__/intel_yolo_depth.cpython-310.pyc
/home/rameez/ew_rs/src/install/rl_detect/lib/python3.10/site-packages/scripts/__pycache__/intel_yolo_m_sam.cpython-310.pyc
/home/rameez/ew_rs/src/install/rl_detect/lib/python3.10/site-packages/scripts/__pycache__/intel_yolo2may2.cpython-310.pyc
/home/rameez/ew_rs/src/install/rl_detect/lib/python3.10/site-packages/scripts/__pycache__/intel_yolo.cpython-310.pyc
/home/rameez/ew_rs/src/install/rl_detect/lib/python3.10/site-packages/scripts/__pycache__/intel_yolo_depth_2.cpython-310.pyc
/home/rameez/ew_rs/src/install/rl_detect/lib/python3.10/site-packages/scripts/__pycache__/intel_yolo_sam.cpython-310.pyc
/home/rameez/ew_rs/src/install/rl_detect/lib/python3.10/site-packages/scripts/__pycache__/intel_yolo_3dseg.cpython-310.pyc
/home/rameez/ew_rs/src/install/rl_detect/lib/python3.10/site-packages/scripts/__pycache__/intel_yolo_2d.cpython-310.pyc
/home/rameez/ew_rs/src/install/rl_detect/lib/python3.10/site-packages/scripts/__pycache__/intel_pub.cpython-310.pyc
/home/rameez/ew_rs/src/install/rl_detect/share/ament_index/resource_index/packages/rl_detect
/home/rameez/ew_rs/src/install/rl_detect/share/rl_detect/package.xml
/home/rameez/ew_rs/src/install/rl_detect/lib/python3.10/site-packages/rl_detect-0.0.0-py3.10.egg-info/zip-safe
/home/rameez/ew_rs/src/install/rl_detect/lib/python3.10/site-packages/rl_detect-0.0.0-py3.10.egg-info/SOURCES.txt
/home/rameez/ew_rs/src/install/rl_detect/lib/python3.10/site-packages/rl_detect-0.0.0-py3.10.egg-info/requires.txt
/home/rameez/ew_rs/src/install/rl_detect/lib/python3.10/site-packages/rl_detect-0.0.0-py3.10.egg-info/PKG-INFO
/home/rameez/ew_rs/src/install/rl_detect/lib/python3.10/site-packages/rl_detect-0.0.0-py3.10.egg-info/entry_points.txt
/home/rameez/ew_rs/src/install/rl_detect/lib/python3.10/site-packages/rl_detect-0.0.0-py3.10.egg-info/dependency_links.txt
/home/rameez/ew_rs/src/install/rl_detect/lib/python3.10/site-packages/rl_detect-0.0.0-py3.10.egg-info/top_level.txt
/home/rameez/ew_rs/src/install/rl_detect/lib/rl_detect/intel_publisher
/home/rameez/ew_rs/src/install/rl_detect/lib/rl_detect/intel_publisher_yolo
/home/rameez/ew_rs/src/install/rl_detect/lib/rl_detect/intel_publisher_yolo_3dbbox
/home/rameez/ew_rs/src/install/rl_detect/lib/rl_detect/intel_publisher_yolo_3dbbox_node
/home/rameez/ew_rs/src/install/rl_detect/lib/rl_detect/intel_publisher_yolo_3dbbox_node2
/home/rameez/ew_rs/src/install/rl_detect/lib/rl_detect/intel_publisher_yolo_3dseg
/home/rameez/ew_rs/src/install/rl_detect/lib/rl_detect/intel_publisher_yolo_m_sam
/home/rameez/ew_rs/src/install/rl_detect/lib/rl_detect/intel_publisher_yolo_ppseg
/home/rameez/ew_rs/src/install/rl_detect/lib/rl_detect/intel_subscriber
