running egg_info
writing ../build/rl_detect/rl_detect.egg-info/PKG-INFO
writing dependency_links to ../build/rl_detect/rl_detect.egg-info/dependency_links.txt
writing entry points to ../build/rl_detect/rl_detect.egg-info/entry_points.txt
writing requirements to ../build/rl_detect/rl_detect.egg-info/requires.txt
writing top-level names to ../build/rl_detect/rl_detect.egg-info/top_level.txt
reading manifest file '../build/rl_detect/rl_detect.egg-info/SOURCES.txt'
writing manifest file '../build/rl_detect/rl_detect.egg-info/SOURCES.txt'
running build
running build_py
copying rl_detect/DetectionDrawer.py -> /home/rameez/ew_rs/src/build/rl_detect/build/lib/rl_detect
copying rl_detect/DetectionDrawer copy 4.py -> /home/rameez/ew_rs/src/build/rl_detect/build/lib/rl_detect
copying rl_detect/YOLOWorld.py -> /home/rameez/ew_rs/src/build/rl_detect/build/lib/rl_detect
copying rl_detect/segutils.py -> /home/rameez/ew_rs/src/build/rl_detect/build/lib/rl_detect
copying rl_detect/DetectionDrawer_w.py -> /home/rameez/ew_rs/src/build/rl_detect/build/lib/rl_detect
copying rl_detect/ModelExporter.py -> /home/rameez/ew_rs/src/build/rl_detect/build/lib/rl_detect
copying rl_detect/nms.py -> /home/rameez/ew_rs/src/build/rl_detect/build/lib/rl_detect
copying rl_detect/DetectionDrawer copy 2.py -> /home/rameez/ew_rs/src/build/rl_detect/build/lib/rl_detect
copying rl_detect/DetectionDrawer_3dbbox.py -> /home/rameez/ew_rs/src/build/rl_detect/build/lib/rl_detect
copying rl_detect/DetectionDrawer copy.py -> /home/rameez/ew_rs/src/build/rl_detect/build/lib/rl_detect
copying rl_detect/__init__.py -> /home/rameez/ew_rs/src/build/rl_detect/build/lib/rl_detect
copying rl_detect/DetectionDrawer_node.py -> /home/rameez/ew_rs/src/build/rl_detect/build/lib/rl_detect
copying rl_detect/DetectionDrawer3dbbox_mine.py -> /home/rameez/ew_rs/src/build/rl_detect/build/lib/rl_detect
copying rl_detect/efficient_sam.py -> /home/rameez/ew_rs/src/build/rl_detect/build/lib/rl_detect
copying rl_detect/DetectionDrawer_node2.py -> /home/rameez/ew_rs/src/build/rl_detect/build/lib/rl_detect
copying rl_detect/DetectionDrawer_sam.py -> /home/rameez/ew_rs/src/build/rl_detect/build/lib/rl_detect
copying rl_detect/DetectionDrawer_3dbbox_clust.py -> /home/rameez/ew_rs/src/build/rl_detect/build/lib/rl_detect
copying rl_detect/DetectionDrawer copy 3.py -> /home/rameez/ew_rs/src/build/rl_detect/build/lib/rl_detect
copying rl_detect/mask_gen.py -> /home/rameez/ew_rs/src/build/rl_detect/build/lib/rl_detect
copying rl_detect/TextEmbedder.py -> /home/rameez/ew_rs/src/build/rl_detect/build/lib/rl_detect
copying scripts/intel_pub2.py -> /home/rameez/ew_rs/src/build/rl_detect/build/lib/scripts
copying scripts/intel_yolo_3dbbox_node.py -> /home/rameez/ew_rs/src/build/rl_detect/build/lib/scripts
copying scripts/opencv_pointcloud_viewer.py -> /home/rameez/ew_rs/src/build/rl_detect/build/lib/scripts
copying scripts/intel_yolo2may.py -> /home/rameez/ew_rs/src/build/rl_detect/build/lib/scripts
copying scripts/__init__.py -> /home/rameez/ew_rs/src/build/rl_detect/build/lib/scripts
copying scripts/intel_yolo copy.py -> /home/rameez/ew_rs/src/build/rl_detect/build/lib/scripts
copying scripts/intel_sub.py -> /home/rameez/ew_rs/src/build/rl_detect/build/lib/scripts
copying scripts/intel_yolo_ppseg.py -> /home/rameez/ew_rs/src/build/rl_detect/build/lib/scripts
copying scripts/intel_yolo copy 2.py -> /home/rameez/ew_rs/src/build/rl_detect/build/lib/scripts
copying scripts/intel_dmp.py -> /home/rameez/ew_rs/src/build/rl_detect/build/lib/scripts
copying scripts/intel_yolo_o3d_pcl_save.py -> /home/rameez/ew_rs/src/build/rl_detect/build/lib/scripts
copying scripts/intel_yolo_3dbbox_node2.py -> /home/rameez/ew_rs/src/build/rl_detect/build/lib/scripts
copying scripts/intel_yolo_3dbbox.py -> /home/rameez/ew_rs/src/build/rl_detect/build/lib/scripts
copying scripts/intel_yolo_3dpc.py -> /home/rameez/ew_rs/src/build/rl_detect/build/lib/scripts
copying scripts/o3d.py -> /home/rameez/ew_rs/src/build/rl_detect/build/lib/scripts
copying scripts/intel_sub copy.py -> /home/rameez/ew_rs/src/build/rl_detect/build/lib/scripts
copying scripts/intel_yolo_depth.py -> /home/rameez/ew_rs/src/build/rl_detect/build/lib/scripts
copying scripts/intel_yolo_m_sam.py -> /home/rameez/ew_rs/src/build/rl_detect/build/lib/scripts
copying scripts/intel_yolo2may2.py -> /home/rameez/ew_rs/src/build/rl_detect/build/lib/scripts
copying scripts/intel_yolo.py -> /home/rameez/ew_rs/src/build/rl_detect/build/lib/scripts
copying scripts/intel_yolo_depth_2.py -> /home/rameez/ew_rs/src/build/rl_detect/build/lib/scripts
copying scripts/intel_yolo_sam.py -> /home/rameez/ew_rs/src/build/rl_detect/build/lib/scripts
copying scripts/intel_yolo_3dseg.py -> /home/rameez/ew_rs/src/build/rl_detect/build/lib/scripts
copying scripts/intel_yolo_2d.py -> /home/rameez/ew_rs/src/build/rl_detect/build/lib/scripts
copying scripts/intel_pub.py -> /home/rameez/ew_rs/src/build/rl_detect/build/lib/scripts
running install
running install_lib
running install_data
copying resource/rl_detect -> /home/rameez/ew_rs/src/install/rl_detect/share/ament_index/resource_index/packages
copying package.xml -> /home/rameez/ew_rs/src/install/rl_detect/share/rl_detect
running install_egg_info
removing '/home/rameez/ew_rs/src/install/rl_detect/lib/python3.10/site-packages/rl_detect-0.0.0-py3.10.egg-info' (and everything under it)
Copying ../build/rl_detect/rl_detect.egg-info to /home/rameez/ew_rs/src/install/rl_detect/lib/python3.10/site-packages/rl_detect-0.0.0-py3.10.egg-info
running install_scripts
Installing intel_publisher script to /home/rameez/ew_rs/src/install/rl_detect/lib/rl_detect
Installing intel_publisher_yolo script to /home/rameez/ew_rs/src/install/rl_detect/lib/rl_detect
Installing intel_publisher_yolo_3dbbox script to /home/rameez/ew_rs/src/install/rl_detect/lib/rl_detect
Installing intel_publisher_yolo_3dbbox_node script to /home/rameez/ew_rs/src/install/rl_detect/lib/rl_detect
Installing intel_publisher_yolo_3dbbox_node2 script to /home/rameez/ew_rs/src/install/rl_detect/lib/rl_detect
Installing intel_publisher_yolo_3dseg script to /home/rameez/ew_rs/src/install/rl_detect/lib/rl_detect
Installing intel_publisher_yolo_m_sam script to /home/rameez/ew_rs/src/install/rl_detect/lib/rl_detect
Installing intel_publisher_yolo_ppseg script to /home/rameez/ew_rs/src/install/rl_detect/lib/rl_detect
Installing intel_subscriber script to /home/rameez/ew_rs/src/install/rl_detect/lib/rl_detect
writing list of installed files to '/home/rameez/ew_rs/src/build/rl_detect/install.log'
