running develop
/home/rameez/miniconda3/envs/yworld/lib/python3.10/site-packages/setuptools/command/easy_install.py:156: EasyInstallDeprecationWarning: easy_install command is deprecated. Use build and pip and other standards-based tools.
  warnings.warn(
running egg_info
writing manifest file '../build/yworld/yworld.egg-info/SOURCES.txt'
running build
running build_py
creating /home/rameez/ew_rs/src/build/yworld/build
creating /home/rameez/ew_rs/src/build/yworld/build/lib
creating /home/rameez/ew_rs/src/build/yworld/build/lib/yworld
copying yworld/__init__.py -> /home/rameez/ew_rs/src/build/yworld/build/lib/yworld
running install
running install_lib
creating /home/rameez/ew_rs/src/install/yworld/lib/python3.10/site-packages/yworld
byte-compiling /home/rameez/ew_rs/src/install/yworld/lib/python3.10/site-packages/yworld/__init__.py to __init__.cpython-310.pyc
running install_data
copying resource/yworld -> /home/rameez/ew_rs/src/install/yworld/share/ament_index/resource_index/packages
copying package.xml -> /home/rameez/ew_rs/src/install/yworld/share/yworld
running install_egg_info
Copying ../build/yworld/yworld.egg-info to /home/rameez/ew_rs/src/install/yworld/lib/python3.10/site-packages/yworld-0.0.0-py3.10.egg-info
running install_scripts
writing list of installed files to '/home/rameez/ew_rs/src/build/yworld/install.log'
