[0.549s] Invoking command in '/home/rameez/ew_rs/src/build/yworld': CONDA_PROMPT_MODIFIER=(yworld) PYTHONPATH=/home/rameez/ew_rs/src/build/yworld/prefix_override:/home/rameez/ew_rs/src/install/yworld/lib/python3.10/site-packages:${PYTHONPATH} /home/rameez/miniconda3/envs/yworld/bin/python -W ignore:setup.py install is deprecated setup.py develop --uninstall --editable --build-directory /home/rameez/ew_rs/src/build/yworld/build
[0.709s] running develop
[0.709s] /home/rameez/miniconda3/envs/yworld/lib/python3.10/site-packages/setuptools/command/easy_install.py:156: EasyInstallDeprecationWarning: easy_install command is deprecated. Use build and pip and other standards-based tools.
[0.709s]   warnings.warn(
[0.805s] Invoked command in '/home/rameez/ew_rs/src/build/yworld' returned '0': CONDA_PROMPT_MODIFIER=(yworld) PYTHONPATH=/home/rameez/ew_rs/src/build/yworld/prefix_override:/home/rameez/ew_rs/src/install/yworld/lib/python3.10/site-packages:${PYTHONPATH} /home/rameez/miniconda3/envs/yworld/bin/python -W ignore:setup.py install is deprecated setup.py develop --uninstall --editable --build-directory /home/rameez/ew_rs/src/build/yworld/build
[0.806s] Invoking command in '/home/rameez/ew_rs/src/yworld': CONDA_PROMPT_MODIFIER=(yworld) PYTHONPATH=/home/rameez/ew_rs/src/build/yworld/prefix_override:/home/rameez/ew_rs/src/install/yworld/lib/python3.10/site-packages:${PYTHONPATH} /home/rameez/miniconda3/envs/yworld/bin/python -W ignore:setup.py install is deprecated setup.py egg_info --egg-base ../build/yworld build --build-base /home/rameez/ew_rs/src/build/yworld/build install --record /home/rameez/ew_rs/src/build/yworld/install.log --single-version-externally-managed install_data --force
[0.954s] running egg_info
[0.956s] writing manifest file '../build/yworld/yworld.egg-info/SOURCES.txt'
[0.956s] running build
[0.956s] running build_py
[0.956s] creating /home/rameez/ew_rs/src/build/yworld/build
[0.957s] creating /home/rameez/ew_rs/src/build/yworld/build/lib
[0.957s] creating /home/rameez/ew_rs/src/build/yworld/build/lib/yworld
[0.957s] copying yworld/__init__.py -> /home/rameez/ew_rs/src/build/yworld/build/lib/yworld
[0.957s] running install
[0.958s] running install_lib
[0.958s] creating /home/rameez/ew_rs/src/install/yworld/lib/python3.10/site-packages/yworld
[0.959s] byte-compiling /home/rameez/ew_rs/src/install/yworld/lib/python3.10/site-packages/yworld/__init__.py to __init__.cpython-310.pyc
[0.959s] running install_data
[0.959s] copying resource/yworld -> /home/rameez/ew_rs/src/install/yworld/share/ament_index/resource_index/packages
[0.959s] copying package.xml -> /home/rameez/ew_rs/src/install/yworld/share/yworld
[0.959s] running install_egg_info
[0.960s] Copying ../build/yworld/yworld.egg-info to /home/rameez/ew_rs/src/install/yworld/lib/python3.10/site-packages/yworld-0.0.0-py3.10.egg-info
[0.960s] running install_scripts
[0.974s] writing list of installed files to '/home/rameez/ew_rs/src/build/yworld/install.log'
[0.989s] Invoked command in '/home/rameez/ew_rs/src/yworld' returned '0': CONDA_PROMPT_MODIFIER=(yworld) PYTHONPATH=/home/rameez/ew_rs/src/build/yworld/prefix_override:/home/rameez/ew_rs/src/install/yworld/lib/python3.10/site-packages:${PYTHONPATH} /home/rameez/miniconda3/envs/yworld/bin/python -W ignore:setup.py install is deprecated setup.py egg_info --egg-base ../build/yworld build --build-base /home/rameez/ew_rs/src/build/yworld/build install --record /home/rameez/ew_rs/src/build/yworld/install.log --single-version-externally-managed install_data --force
