[0.536s] Invoking command in '/home/rameez/ew_rs/src/build/rl_detect': CONDA_PROMPT_MODIFIER=(yworld) PYTHONPATH=/home/rameez/ew_rs/src/build/rl_detect/prefix_override:/home/rameez/ew_rs/src/install/rl_detect/lib/python3.10/site-packages:${PYTHONPATH} /home/rameez/miniconda3/envs/yworld/bin/python -W ignore:setup.py install is deprecated setup.py develop --uninstall --editable --build-directory /home/rameez/ew_rs/src/build/rl_detect/build
[0.724s] running develop
[0.726s] /home/rameez/miniconda3/envs/yworld/lib/python3.10/site-packages/setuptools/command/develop.py:40: EasyInstallDeprecationWarning: easy_install command is deprecated.
[0.726s] !!
[0.726s] 
[0.726s]         ********************************************************************************
[0.726s]         Please avoid running ``setup.py`` and ``easy_install``.
[0.727s]         Instead, use pypa/build, pypa/installer or other
[0.727s]         standards-based tools.
[0.727s] 
[0.727s]         See https://github.com/pypa/setuptools/issues/917 for details.
[0.727s]         ********************************************************************************
[0.727s] 
[0.727s] !!
[0.727s]   easy_install.initialize_options(self)
[0.848s] Removing /home/rameez/ew_rs/src/install/rl_detect/lib/python3.10/site-packages/rl-detect.egg-link (link to .)
[0.866s] Invoked command in '/home/rameez/ew_rs/src/build/rl_detect' returned '0': CONDA_PROMPT_MODIFIER=(yworld) PYTHONPATH=/home/rameez/ew_rs/src/build/rl_detect/prefix_override:/home/rameez/ew_rs/src/install/rl_detect/lib/python3.10/site-packages:${PYTHONPATH} /home/rameez/miniconda3/envs/yworld/bin/python -W ignore:setup.py install is deprecated setup.py develop --uninstall --editable --build-directory /home/rameez/ew_rs/src/build/rl_detect/build
[0.868s] Invoking command in '/home/rameez/ew_rs/src/rl_detect': CONDA_PROMPT_MODIFIER=(yworld) PYTHONPATH=/home/rameez/ew_rs/src/build/rl_detect/prefix_override:/home/rameez/ew_rs/src/install/rl_detect/lib/python3.10/site-packages:${PYTHONPATH} /home/rameez/miniconda3/envs/yworld/bin/python -W ignore:setup.py install is deprecated setup.py egg_info --egg-base ../build/rl_detect build --build-base /home/rameez/ew_rs/src/build/rl_detect/build install --record /home/rameez/ew_rs/src/build/rl_detect/install.log --single-version-externally-managed install_data --force
[1.028s] running egg_info
[1.037s] writing ../build/rl_detect/rl_detect.egg-info/PKG-INFO
[1.038s] writing dependency_links to ../build/rl_detect/rl_detect.egg-info/dependency_links.txt
[1.038s] writing entry points to ../build/rl_detect/rl_detect.egg-info/entry_points.txt
[1.038s] writing requirements to ../build/rl_detect/rl_detect.egg-info/requires.txt
[1.038s] writing top-level names to ../build/rl_detect/rl_detect.egg-info/top_level.txt
[1.059s] reading manifest file '../build/rl_detect/rl_detect.egg-info/SOURCES.txt'
[1.061s] writing manifest file '../build/rl_detect/rl_detect.egg-info/SOURCES.txt'
[1.061s] running build
[1.061s] running build_py
[1.061s] copying rl_detect/DetectionDrawer.py -> /home/rameez/ew_rs/src/build/rl_detect/build/lib/rl_detect
[1.061s] copying rl_detect/DetectionDrawer copy 4.py -> /home/rameez/ew_rs/src/build/rl_detect/build/lib/rl_detect
[1.061s] copying rl_detect/YOLOWorld.py -> /home/rameez/ew_rs/src/build/rl_detect/build/lib/rl_detect
[1.061s] copying rl_detect/segutils.py -> /home/rameez/ew_rs/src/build/rl_detect/build/lib/rl_detect
[1.061s] copying rl_detect/DetectionDrawer_w.py -> /home/rameez/ew_rs/src/build/rl_detect/build/lib/rl_detect
[1.061s] copying rl_detect/ModelExporter.py -> /home/rameez/ew_rs/src/build/rl_detect/build/lib/rl_detect
[1.061s] copying rl_detect/nms.py -> /home/rameez/ew_rs/src/build/rl_detect/build/lib/rl_detect
[1.061s] copying rl_detect/DetectionDrawer copy 2.py -> /home/rameez/ew_rs/src/build/rl_detect/build/lib/rl_detect
[1.062s] copying rl_detect/DetectionDrawer_3dbbox.py -> /home/rameez/ew_rs/src/build/rl_detect/build/lib/rl_detect
[1.062s] copying rl_detect/DetectionDrawer copy.py -> /home/rameez/ew_rs/src/build/rl_detect/build/lib/rl_detect
[1.062s] copying rl_detect/__init__.py -> /home/rameez/ew_rs/src/build/rl_detect/build/lib/rl_detect
[1.062s] copying rl_detect/DetectionDrawer_node.py -> /home/rameez/ew_rs/src/build/rl_detect/build/lib/rl_detect
[1.062s] copying rl_detect/DetectionDrawer3dbbox_mine.py -> /home/rameez/ew_rs/src/build/rl_detect/build/lib/rl_detect
[1.062s] copying rl_detect/efficient_sam.py -> /home/rameez/ew_rs/src/build/rl_detect/build/lib/rl_detect
[1.062s] copying rl_detect/DetectionDrawer_node2.py -> /home/rameez/ew_rs/src/build/rl_detect/build/lib/rl_detect
[1.062s] copying rl_detect/DetectionDrawer_sam.py -> /home/rameez/ew_rs/src/build/rl_detect/build/lib/rl_detect
[1.062s] copying rl_detect/DetectionDrawer_3dbbox_clust.py -> /home/rameez/ew_rs/src/build/rl_detect/build/lib/rl_detect
[1.062s] copying rl_detect/DetectionDrawer copy 3.py -> /home/rameez/ew_rs/src/build/rl_detect/build/lib/rl_detect
[1.062s] copying rl_detect/mask_gen.py -> /home/rameez/ew_rs/src/build/rl_detect/build/lib/rl_detect
[1.062s] copying rl_detect/TextEmbedder.py -> /home/rameez/ew_rs/src/build/rl_detect/build/lib/rl_detect
[1.062s] creating /home/rameez/ew_rs/src/build/rl_detect/build/lib/scripts
[1.062s] copying scripts/intel_pub2.py -> /home/rameez/ew_rs/src/build/rl_detect/build/lib/scripts
[1.062s] copying scripts/intel_yolo_3dbbox_node.py -> /home/rameez/ew_rs/src/build/rl_detect/build/lib/scripts
[1.062s] copying scripts/opencv_pointcloud_viewer.py -> /home/rameez/ew_rs/src/build/rl_detect/build/lib/scripts
[1.063s] copying scripts/intel_yolo2may.py -> /home/rameez/ew_rs/src/build/rl_detect/build/lib/scripts
[1.063s] copying scripts/__init__.py -> /home/rameez/ew_rs/src/build/rl_detect/build/lib/scripts
[1.063s] copying scripts/intel_yolo copy.py -> /home/rameez/ew_rs/src/build/rl_detect/build/lib/scripts
[1.063s] copying scripts/intel_sub.py -> /home/rameez/ew_rs/src/build/rl_detect/build/lib/scripts
[1.063s] copying scripts/intel_yolo_ppseg.py -> /home/rameez/ew_rs/src/build/rl_detect/build/lib/scripts
[1.063s] copying scripts/intel_yolo copy 2.py -> /home/rameez/ew_rs/src/build/rl_detect/build/lib/scripts
[1.063s] copying scripts/intel_dmp.py -> /home/rameez/ew_rs/src/build/rl_detect/build/lib/scripts
[1.063s] copying scripts/intel_yolo_o3d_pcl_save.py -> /home/rameez/ew_rs/src/build/rl_detect/build/lib/scripts
[1.063s] copying scripts/intel_yolo_3dbbox_node2.py -> /home/rameez/ew_rs/src/build/rl_detect/build/lib/scripts
[1.063s] copying scripts/intel_yolo_3dbbox.py -> /home/rameez/ew_rs/src/build/rl_detect/build/lib/scripts
[1.063s] copying scripts/intel_yolo_3dpc.py -> /home/rameez/ew_rs/src/build/rl_detect/build/lib/scripts
[1.063s] copying scripts/o3d.py -> /home/rameez/ew_rs/src/build/rl_detect/build/lib/scripts
[1.063s] copying scripts/intel_sub copy.py -> /home/rameez/ew_rs/src/build/rl_detect/build/lib/scripts
[1.063s] copying scripts/intel_yolo_depth.py -> /home/rameez/ew_rs/src/build/rl_detect/build/lib/scripts
[1.063s] copying scripts/intel_yolo_m_sam.py -> /home/rameez/ew_rs/src/build/rl_detect/build/lib/scripts
[1.063s] copying scripts/intel_yolo2may2.py -> /home/rameez/ew_rs/src/build/rl_detect/build/lib/scripts
[1.063s] copying scripts/intel_yolo.py -> /home/rameez/ew_rs/src/build/rl_detect/build/lib/scripts
[1.064s] copying scripts/intel_yolo_depth_2.py -> /home/rameez/ew_rs/src/build/rl_detect/build/lib/scripts
[1.064s] copying scripts/intel_yolo_sam.py -> /home/rameez/ew_rs/src/build/rl_detect/build/lib/scripts
[1.064s] copying scripts/intel_yolo_3dseg.py -> /home/rameez/ew_rs/src/build/rl_detect/build/lib/scripts
[1.064s] copying scripts/intel_yolo_2d.py -> /home/rameez/ew_rs/src/build/rl_detect/build/lib/scripts
[1.064s] copying scripts/intel_pub.py -> /home/rameez/ew_rs/src/build/rl_detect/build/lib/scripts
[1.064s] running install
[1.068s] running install_lib
[1.078s] creating /home/rameez/ew_rs/src/install/rl_detect/lib/python3.10/site-packages/scripts
[1.078s] copying /home/rameez/ew_rs/src/build/rl_detect/build/lib/scripts/intel_pub2.py -> /home/rameez/ew_rs/src/install/rl_detect/lib/python3.10/site-packages/scripts
[1.078s] copying /home/rameez/ew_rs/src/build/rl_detect/build/lib/scripts/intel_yolo_3dbbox_node.py -> /home/rameez/ew_rs/src/install/rl_detect/lib/python3.10/site-packages/scripts
[1.078s] copying /home/rameez/ew_rs/src/build/rl_detect/build/lib/scripts/opencv_pointcloud_viewer.py -> /home/rameez/ew_rs/src/install/rl_detect/lib/python3.10/site-packages/scripts
[1.078s] copying /home/rameez/ew_rs/src/build/rl_detect/build/lib/scripts/intel_yolo2may.py -> /home/rameez/ew_rs/src/install/rl_detect/lib/python3.10/site-packages/scripts
[1.078s] copying /home/rameez/ew_rs/src/build/rl_detect/build/lib/scripts/__init__.py -> /home/rameez/ew_rs/src/install/rl_detect/lib/python3.10/site-packages/scripts
[1.078s] copying /home/rameez/ew_rs/src/build/rl_detect/build/lib/scripts/intel_yolo copy.py -> /home/rameez/ew_rs/src/install/rl_detect/lib/python3.10/site-packages/scripts
[1.078s] copying /home/rameez/ew_rs/src/build/rl_detect/build/lib/scripts/intel_sub.py -> /home/rameez/ew_rs/src/install/rl_detect/lib/python3.10/site-packages/scripts
[1.078s] copying /home/rameez/ew_rs/src/build/rl_detect/build/lib/scripts/intel_yolo_ppseg.py -> /home/rameez/ew_rs/src/install/rl_detect/lib/python3.10/site-packages/scripts
[1.078s] copying /home/rameez/ew_rs/src/build/rl_detect/build/lib/scripts/intel_yolo copy 2.py -> /home/rameez/ew_rs/src/install/rl_detect/lib/python3.10/site-packages/scripts
[1.078s] copying /home/rameez/ew_rs/src/build/rl_detect/build/lib/scripts/intel_dmp.py -> /home/rameez/ew_rs/src/install/rl_detect/lib/python3.10/site-packages/scripts
[1.078s] copying /home/rameez/ew_rs/src/build/rl_detect/build/lib/scripts/intel_yolo_o3d_pcl_save.py -> /home/rameez/ew_rs/src/install/rl_detect/lib/python3.10/site-packages/scripts
[1.078s] copying /home/rameez/ew_rs/src/build/rl_detect/build/lib/scripts/intel_yolo_3dbbox_node2.py -> /home/rameez/ew_rs/src/install/rl_detect/lib/python3.10/site-packages/scripts
[1.078s] copying /home/rameez/ew_rs/src/build/rl_detect/build/lib/scripts/intel_yolo_3dbbox.py -> /home/rameez/ew_rs/src/install/rl_detect/lib/python3.10/site-packages/scripts
[1.078s] copying /home/rameez/ew_rs/src/build/rl_detect/build/lib/scripts/intel_yolo_3dpc.py -> /home/rameez/ew_rs/src/install/rl_detect/lib/python3.10/site-packages/scripts
[1.079s] copying /home/rameez/ew_rs/src/build/rl_detect/build/lib/scripts/o3d.py -> /home/rameez/ew_rs/src/install/rl_detect/lib/python3.10/site-packages/scripts
[1.079s] copying /home/rameez/ew_rs/src/build/rl_detect/build/lib/scripts/intel_sub copy.py -> /home/rameez/ew_rs/src/install/rl_detect/lib/python3.10/site-packages/scripts
[1.079s] copying /home/rameez/ew_rs/src/build/rl_detect/build/lib/scripts/intel_yolo_depth.py -> /home/rameez/ew_rs/src/install/rl_detect/lib/python3.10/site-packages/scripts
[1.079s] copying /home/rameez/ew_rs/src/build/rl_detect/build/lib/scripts/intel_yolo_m_sam.py -> /home/rameez/ew_rs/src/install/rl_detect/lib/python3.10/site-packages/scripts
[1.079s] copying /home/rameez/ew_rs/src/build/rl_detect/build/lib/scripts/intel_yolo2may2.py -> /home/rameez/ew_rs/src/install/rl_detect/lib/python3.10/site-packages/scripts
[1.079s] copying /home/rameez/ew_rs/src/build/rl_detect/build/lib/scripts/intel_yolo.py -> /home/rameez/ew_rs/src/install/rl_detect/lib/python3.10/site-packages/scripts
[1.079s] copying /home/rameez/ew_rs/src/build/rl_detect/build/lib/scripts/intel_yolo_depth_2.py -> /home/rameez/ew_rs/src/install/rl_detect/lib/python3.10/site-packages/scripts
[1.079s] copying /home/rameez/ew_rs/src/build/rl_detect/build/lib/scripts/intel_yolo_sam.py -> /home/rameez/ew_rs/src/install/rl_detect/lib/python3.10/site-packages/scripts
[1.079s] copying /home/rameez/ew_rs/src/build/rl_detect/build/lib/scripts/intel_yolo_3dseg.py -> /home/rameez/ew_rs/src/install/rl_detect/lib/python3.10/site-packages/scripts
[1.079s] copying /home/rameez/ew_rs/src/build/rl_detect/build/lib/scripts/intel_yolo_2d.py -> /home/rameez/ew_rs/src/install/rl_detect/lib/python3.10/site-packages/scripts
[1.079s] copying /home/rameez/ew_rs/src/build/rl_detect/build/lib/scripts/intel_pub.py -> /home/rameez/ew_rs/src/install/rl_detect/lib/python3.10/site-packages/scripts
[1.079s] creating /home/rameez/ew_rs/src/install/rl_detect/lib/python3.10/site-packages/include
[1.079s] creating /home/rameez/ew_rs/src/install/rl_detect/lib/python3.10/site-packages/include/yoloworld
[1.079s] copying /home/rameez/ew_rs/src/build/rl_detect/build/lib/include/yoloworld/DetectionDrawer.py -> /home/rameez/ew_rs/src/install/rl_detect/lib/python3.10/site-packages/include/yoloworld
[1.079s] copying /home/rameez/ew_rs/src/build/rl_detect/build/lib/include/yoloworld/YOLOWorld.py -> /home/rameez/ew_rs/src/install/rl_detect/lib/python3.10/site-packages/include/yoloworld
[1.079s] copying /home/rameez/ew_rs/src/build/rl_detect/build/lib/include/yoloworld/ModelExporter.py -> /home/rameez/ew_rs/src/install/rl_detect/lib/python3.10/site-packages/include/yoloworld
[1.079s] copying /home/rameez/ew_rs/src/build/rl_detect/build/lib/include/yoloworld/nms.py -> /home/rameez/ew_rs/src/install/rl_detect/lib/python3.10/site-packages/include/yoloworld
[1.080s] copying /home/rameez/ew_rs/src/build/rl_detect/build/lib/include/yoloworld/__init__.py -> /home/rameez/ew_rs/src/install/rl_detect/lib/python3.10/site-packages/include/yoloworld
[1.080s] copying /home/rameez/ew_rs/src/build/rl_detect/build/lib/include/yoloworld/TextEmbedder.py -> /home/rameez/ew_rs/src/install/rl_detect/lib/python3.10/site-packages/include/yoloworld
[1.080s] copying /home/rameez/ew_rs/src/build/rl_detect/build/lib/include/__init__.py -> /home/rameez/ew_rs/src/install/rl_detect/lib/python3.10/site-packages/include
[1.080s] creating /home/rameez/ew_rs/src/install/rl_detect/lib/python3.10/site-packages/rl_detect
[1.080s] copying /home/rameez/ew_rs/src/build/rl_detect/build/lib/rl_detect/DetectionDrawer.py -> /home/rameez/ew_rs/src/install/rl_detect/lib/python3.10/site-packages/rl_detect
[1.080s] copying /home/rameez/ew_rs/src/build/rl_detect/build/lib/rl_detect/DetectionDrawer copy 4.py -> /home/rameez/ew_rs/src/install/rl_detect/lib/python3.10/site-packages/rl_detect
[1.080s] copying /home/rameez/ew_rs/src/build/rl_detect/build/lib/rl_detect/YOLOWorld.py -> /home/rameez/ew_rs/src/install/rl_detect/lib/python3.10/site-packages/rl_detect
[1.080s] copying /home/rameez/ew_rs/src/build/rl_detect/build/lib/rl_detect/segutils.py -> /home/rameez/ew_rs/src/install/rl_detect/lib/python3.10/site-packages/rl_detect
[1.080s] copying /home/rameez/ew_rs/src/build/rl_detect/build/lib/rl_detect/DetectionDrawer_w.py -> /home/rameez/ew_rs/src/install/rl_detect/lib/python3.10/site-packages/rl_detect
[1.080s] copying /home/rameez/ew_rs/src/build/rl_detect/build/lib/rl_detect/ModelExporter.py -> /home/rameez/ew_rs/src/install/rl_detect/lib/python3.10/site-packages/rl_detect
[1.080s] copying /home/rameez/ew_rs/src/build/rl_detect/build/lib/rl_detect/nms.py -> /home/rameez/ew_rs/src/install/rl_detect/lib/python3.10/site-packages/rl_detect
[1.080s] copying /home/rameez/ew_rs/src/build/rl_detect/build/lib/rl_detect/DetectionDrawer copy 2.py -> /home/rameez/ew_rs/src/install/rl_detect/lib/python3.10/site-packages/rl_detect
[1.080s] copying /home/rameez/ew_rs/src/build/rl_detect/build/lib/rl_detect/DetectionDrawer_3dbbox.py -> /home/rameez/ew_rs/src/install/rl_detect/lib/python3.10/site-packages/rl_detect
[1.080s] copying /home/rameez/ew_rs/src/build/rl_detect/build/lib/rl_detect/intel_pub2.py -> /home/rameez/ew_rs/src/install/rl_detect/lib/python3.10/site-packages/rl_detect
[1.080s] copying /home/rameez/ew_rs/src/build/rl_detect/build/lib/rl_detect/DetectionDrawer copy.py -> /home/rameez/ew_rs/src/install/rl_detect/lib/python3.10/site-packages/rl_detect
[1.080s] copying /home/rameez/ew_rs/src/build/rl_detect/build/lib/rl_detect/__init__.py -> /home/rameez/ew_rs/src/install/rl_detect/lib/python3.10/site-packages/rl_detect
[1.080s] copying /home/rameez/ew_rs/src/build/rl_detect/build/lib/rl_detect/intel_sub.py -> /home/rameez/ew_rs/src/install/rl_detect/lib/python3.10/site-packages/rl_detect
[1.080s] copying /home/rameez/ew_rs/src/build/rl_detect/build/lib/rl_detect/DetectionDrawer_node.py -> /home/rameez/ew_rs/src/install/rl_detect/lib/python3.10/site-packages/rl_detect
[1.080s] copying /home/rameez/ew_rs/src/build/rl_detect/build/lib/rl_detect/DetectionDrawer3dbbox_mine.py -> /home/rameez/ew_rs/src/install/rl_detect/lib/python3.10/site-packages/rl_detect
[1.081s] copying /home/rameez/ew_rs/src/build/rl_detect/build/lib/rl_detect/efficient_sam.py -> /home/rameez/ew_rs/src/install/rl_detect/lib/python3.10/site-packages/rl_detect
[1.081s] copying /home/rameez/ew_rs/src/build/rl_detect/build/lib/rl_detect/DetectionDrawer_node2.py -> /home/rameez/ew_rs/src/install/rl_detect/lib/python3.10/site-packages/rl_detect
[1.081s] copying /home/rameez/ew_rs/src/build/rl_detect/build/lib/rl_detect/DetectionDrawer_sam.py -> /home/rameez/ew_rs/src/install/rl_detect/lib/python3.10/site-packages/rl_detect
[1.081s] copying /home/rameez/ew_rs/src/build/rl_detect/build/lib/rl_detect/DetectionDrawer_3dbbox_clust.py -> /home/rameez/ew_rs/src/install/rl_detect/lib/python3.10/site-packages/rl_detect
[1.081s] copying /home/rameez/ew_rs/src/build/rl_detect/build/lib/rl_detect/DetectionDrawer copy 3.py -> /home/rameez/ew_rs/src/install/rl_detect/lib/python3.10/site-packages/rl_detect
[1.081s] copying /home/rameez/ew_rs/src/build/rl_detect/build/lib/rl_detect/mask_gen.py -> /home/rameez/ew_rs/src/install/rl_detect/lib/python3.10/site-packages/rl_detect
[1.081s] copying /home/rameez/ew_rs/src/build/rl_detect/build/lib/rl_detect/TextEmbedder.py -> /home/rameez/ew_rs/src/install/rl_detect/lib/python3.10/site-packages/rl_detect
[1.081s] copying /home/rameez/ew_rs/src/build/rl_detect/build/lib/rl_detect/intel_sub copy.py -> /home/rameez/ew_rs/src/install/rl_detect/lib/python3.10/site-packages/rl_detect
[1.081s] copying /home/rameez/ew_rs/src/build/rl_detect/build/lib/rl_detect/intel_yolo.py -> /home/rameez/ew_rs/src/install/rl_detect/lib/python3.10/site-packages/rl_detect
[1.081s] copying /home/rameez/ew_rs/src/build/rl_detect/build/lib/rl_detect/intel_pub.py -> /home/rameez/ew_rs/src/install/rl_detect/lib/python3.10/site-packages/rl_detect
[1.081s] byte-compiling /home/rameez/ew_rs/src/install/rl_detect/lib/python3.10/site-packages/scripts/intel_pub2.py to intel_pub2.cpython-310.pyc
[1.081s] byte-compiling /home/rameez/ew_rs/src/install/rl_detect/lib/python3.10/site-packages/scripts/intel_yolo_3dbbox_node.py to intel_yolo_3dbbox_node.cpython-310.pyc
[1.082s] byte-compiling /home/rameez/ew_rs/src/install/rl_detect/lib/python3.10/site-packages/scripts/opencv_pointcloud_viewer.py to opencv_pointcloud_viewer.cpython-310.pyc
[1.084s] byte-compiling /home/rameez/ew_rs/src/install/rl_detect/lib/python3.10/site-packages/scripts/intel_yolo2may.py to intel_yolo2may.cpython-310.pyc
[1.085s] byte-compiling /home/rameez/ew_rs/src/install/rl_detect/lib/python3.10/site-packages/scripts/__init__.py to __init__.cpython-310.pyc
[1.085s] byte-compiling /home/rameez/ew_rs/src/install/rl_detect/lib/python3.10/site-packages/scripts/intel_yolo copy.py to intel_yolo copy.cpython-310.pyc
[1.085s] byte-compiling /home/rameez/ew_rs/src/install/rl_detect/lib/python3.10/site-packages/scripts/intel_sub.py to intel_sub.cpython-310.pyc
[1.085s] byte-compiling /home/rameez/ew_rs/src/install/rl_detect/lib/python3.10/site-packages/scripts/intel_yolo_ppseg.py to intel_yolo_ppseg.cpython-310.pyc
[1.086s] byte-compiling /home/rameez/ew_rs/src/install/rl_detect/lib/python3.10/site-packages/scripts/intel_yolo copy 2.py to intel_yolo copy 2.cpython-310.pyc
[1.086s] byte-compiling /home/rameez/ew_rs/src/install/rl_detect/lib/python3.10/site-packages/scripts/intel_dmp.py to intel_dmp.cpython-310.pyc
[1.087s] byte-compiling /home/rameez/ew_rs/src/install/rl_detect/lib/python3.10/site-packages/scripts/intel_yolo_o3d_pcl_save.py to intel_yolo_o3d_pcl_save.cpython-310.pyc
[1.088s] byte-compiling /home/rameez/ew_rs/src/install/rl_detect/lib/python3.10/site-packages/scripts/intel_yolo_3dbbox_node2.py to intel_yolo_3dbbox_node2.cpython-310.pyc
[1.089s] byte-compiling /home/rameez/ew_rs/src/install/rl_detect/lib/python3.10/site-packages/scripts/intel_yolo_3dbbox.py to intel_yolo_3dbbox.cpython-310.pyc
[1.090s] byte-compiling /home/rameez/ew_rs/src/install/rl_detect/lib/python3.10/site-packages/scripts/intel_yolo_3dpc.py to intel_yolo_3dpc.cpython-310.pyc
[1.092s] byte-compiling /home/rameez/ew_rs/src/install/rl_detect/lib/python3.10/site-packages/scripts/o3d.py to o3d.cpython-310.pyc
[1.092s] byte-compiling /home/rameez/ew_rs/src/install/rl_detect/lib/python3.10/site-packages/scripts/intel_sub copy.py to intel_sub copy.cpython-310.pyc
[1.092s] byte-compiling /home/rameez/ew_rs/src/install/rl_detect/lib/python3.10/site-packages/scripts/intel_yolo_depth.py to intel_yolo_depth.cpython-310.pyc
[1.093s] byte-compiling /home/rameez/ew_rs/src/install/rl_detect/lib/python3.10/site-packages/scripts/intel_yolo_m_sam.py to intel_yolo_m_sam.cpython-310.pyc
[1.093s] byte-compiling /home/rameez/ew_rs/src/install/rl_detect/lib/python3.10/site-packages/scripts/intel_yolo2may2.py to intel_yolo2may2.cpython-310.pyc
[1.094s] byte-compiling /home/rameez/ew_rs/src/install/rl_detect/lib/python3.10/site-packages/scripts/intel_yolo.py to intel_yolo.cpython-310.pyc
[1.095s] byte-compiling /home/rameez/ew_rs/src/install/rl_detect/lib/python3.10/site-packages/scripts/intel_yolo_depth_2.py to intel_yolo_depth_2.cpython-310.pyc
[1.095s] byte-compiling /home/rameez/ew_rs/src/install/rl_detect/lib/python3.10/site-packages/scripts/intel_yolo_sam.py to intel_yolo_sam.cpython-310.pyc
[1.096s] byte-compiling /home/rameez/ew_rs/src/install/rl_detect/lib/python3.10/site-packages/scripts/intel_yolo_3dseg.py to intel_yolo_3dseg.cpython-310.pyc
[1.097s] byte-compiling /home/rameez/ew_rs/src/install/rl_detect/lib/python3.10/site-packages/scripts/intel_yolo_2d.py to intel_yolo_2d.cpython-310.pyc
[1.098s] byte-compiling /home/rameez/ew_rs/src/install/rl_detect/lib/python3.10/site-packages/scripts/intel_pub.py to intel_pub.cpython-310.pyc
[1.098s] byte-compiling /home/rameez/ew_rs/src/install/rl_detect/lib/python3.10/site-packages/include/yoloworld/DetectionDrawer.py to DetectionDrawer.cpython-310.pyc
[1.099s] byte-compiling /home/rameez/ew_rs/src/install/rl_detect/lib/python3.10/site-packages/include/yoloworld/YOLOWorld.py to YOLOWorld.cpython-310.pyc
[1.099s] byte-compiling /home/rameez/ew_rs/src/install/rl_detect/lib/python3.10/site-packages/include/yoloworld/ModelExporter.py to ModelExporter.cpython-310.pyc
[1.100s] byte-compiling /home/rameez/ew_rs/src/install/rl_detect/lib/python3.10/site-packages/include/yoloworld/nms.py to nms.cpython-310.pyc
[1.100s] byte-compiling /home/rameez/ew_rs/src/install/rl_detect/lib/python3.10/site-packages/include/yoloworld/__init__.py to __init__.cpython-310.pyc
[1.100s] byte-compiling /home/rameez/ew_rs/src/install/rl_detect/lib/python3.10/site-packages/include/yoloworld/TextEmbedder.py to TextEmbedder.cpython-310.pyc
[1.100s] byte-compiling /home/rameez/ew_rs/src/install/rl_detect/lib/python3.10/site-packages/include/__init__.py to __init__.cpython-310.pyc
[1.100s] byte-compiling /home/rameez/ew_rs/src/install/rl_detect/lib/python3.10/site-packages/rl_detect/DetectionDrawer.py to DetectionDrawer.cpython-310.pyc
[1.101s] byte-compiling /home/rameez/ew_rs/src/install/rl_detect/lib/python3.10/site-packages/rl_detect/DetectionDrawer copy 4.py to DetectionDrawer copy 4.cpython-310.pyc
[1.101s] byte-compiling /home/rameez/ew_rs/src/install/rl_detect/lib/python3.10/site-packages/rl_detect/YOLOWorld.py to YOLOWorld.cpython-310.pyc
[1.102s] byte-compiling /home/rameez/ew_rs/src/install/rl_detect/lib/python3.10/site-packages/rl_detect/segutils.py to segutils.cpython-310.pyc
[1.103s] byte-compiling /home/rameez/ew_rs/src/install/rl_detect/lib/python3.10/site-packages/rl_detect/DetectionDrawer_w.py to DetectionDrawer_w.cpython-310.pyc
[1.104s] byte-compiling /home/rameez/ew_rs/src/install/rl_detect/lib/python3.10/site-packages/rl_detect/ModelExporter.py to ModelExporter.cpython-310.pyc
[1.104s] byte-compiling /home/rameez/ew_rs/src/install/rl_detect/lib/python3.10/site-packages/rl_detect/nms.py to nms.cpython-310.pyc
[1.104s] byte-compiling /home/rameez/ew_rs/src/install/rl_detect/lib/python3.10/site-packages/rl_detect/DetectionDrawer copy 2.py to DetectionDrawer copy 2.cpython-310.pyc
[1.105s] byte-compiling /home/rameez/ew_rs/src/install/rl_detect/lib/python3.10/site-packages/rl_detect/DetectionDrawer_3dbbox.py to DetectionDrawer_3dbbox.cpython-310.pyc
[1.105s] byte-compiling /home/rameez/ew_rs/src/install/rl_detect/lib/python3.10/site-packages/rl_detect/intel_pub2.py to intel_pub2.cpython-310.pyc
[1.105s] byte-compiling /home/rameez/ew_rs/src/install/rl_detect/lib/python3.10/site-packages/rl_detect/DetectionDrawer copy.py to DetectionDrawer copy.cpython-310.pyc
[1.106s] byte-compiling /home/rameez/ew_rs/src/install/rl_detect/lib/python3.10/site-packages/rl_detect/__init__.py to __init__.cpython-310.pyc
[1.106s] byte-compiling /home/rameez/ew_rs/src/install/rl_detect/lib/python3.10/site-packages/rl_detect/intel_sub.py to intel_sub.cpython-310.pyc
[1.106s] byte-compiling /home/rameez/ew_rs/src/install/rl_detect/lib/python3.10/site-packages/rl_detect/DetectionDrawer_node.py to DetectionDrawer_node.cpython-310.pyc
[1.108s] byte-compiling /home/rameez/ew_rs/src/install/rl_detect/lib/python3.10/site-packages/rl_detect/DetectionDrawer3dbbox_mine.py to DetectionDrawer3dbbox_mine.cpython-310.pyc
[1.108s] byte-compiling /home/rameez/ew_rs/src/install/rl_detect/lib/python3.10/site-packages/rl_detect/efficient_sam.py to efficient_sam.cpython-310.pyc
[1.108s] byte-compiling /home/rameez/ew_rs/src/install/rl_detect/lib/python3.10/site-packages/rl_detect/DetectionDrawer_node2.py to DetectionDrawer_node2.cpython-310.pyc
[1.109s] byte-compiling /home/rameez/ew_rs/src/install/rl_detect/lib/python3.10/site-packages/rl_detect/DetectionDrawer_sam.py to DetectionDrawer_sam.cpython-310.pyc
[1.110s] byte-compiling /home/rameez/ew_rs/src/install/rl_detect/lib/python3.10/site-packages/rl_detect/DetectionDrawer_3dbbox_clust.py to DetectionDrawer_3dbbox_clust.cpython-310.pyc
[1.110s] byte-compiling /home/rameez/ew_rs/src/install/rl_detect/lib/python3.10/site-packages/rl_detect/DetectionDrawer copy 3.py to DetectionDrawer copy 3.cpython-310.pyc
[1.111s] byte-compiling /home/rameez/ew_rs/src/install/rl_detect/lib/python3.10/site-packages/rl_detect/mask_gen.py to mask_gen.cpython-310.pyc
[1.111s] byte-compiling /home/rameez/ew_rs/src/install/rl_detect/lib/python3.10/site-packages/rl_detect/TextEmbedder.py to TextEmbedder.cpython-310.pyc
[1.111s] byte-compiling /home/rameez/ew_rs/src/install/rl_detect/lib/python3.10/site-packages/rl_detect/intel_sub copy.py to intel_sub copy.cpython-310.pyc
[1.111s] byte-compiling /home/rameez/ew_rs/src/install/rl_detect/lib/python3.10/site-packages/rl_detect/intel_yolo.py to intel_yolo.cpython-310.pyc
[1.112s] byte-compiling /home/rameez/ew_rs/src/install/rl_detect/lib/python3.10/site-packages/rl_detect/intel_pub.py to intel_pub.cpython-310.pyc
[1.112s] running install_data
[1.112s] copying resource/rl_detect -> /home/rameez/ew_rs/src/install/rl_detect/share/ament_index/resource_index/packages
[1.112s] copying package.xml -> /home/rameez/ew_rs/src/install/rl_detect/share/rl_detect
[1.112s] running install_egg_info
[1.123s] Copying ../build/rl_detect/rl_detect.egg-info to /home/rameez/ew_rs/src/install/rl_detect/lib/python3.10/site-packages/rl_detect-0.0.0-py3.10.egg-info
[1.125s] running install_scripts
[1.202s] Installing intel_publisher script to /home/rameez/ew_rs/src/install/rl_detect/lib/rl_detect
[1.202s] Installing intel_publisher_yolo script to /home/rameez/ew_rs/src/install/rl_detect/lib/rl_detect
[1.202s] Installing intel_publisher_yolo_3dbbox script to /home/rameez/ew_rs/src/install/rl_detect/lib/rl_detect
[1.202s] Installing intel_publisher_yolo_3dbbox_node script to /home/rameez/ew_rs/src/install/rl_detect/lib/rl_detect
[1.203s] Installing intel_publisher_yolo_3dbbox_node2 script to /home/rameez/ew_rs/src/install/rl_detect/lib/rl_detect
[1.203s] Installing intel_publisher_yolo_3dseg script to /home/rameez/ew_rs/src/install/rl_detect/lib/rl_detect
[1.203s] Installing intel_publisher_yolo_m_sam script to /home/rameez/ew_rs/src/install/rl_detect/lib/rl_detect
[1.203s] Installing intel_publisher_yolo_ppseg script to /home/rameez/ew_rs/src/install/rl_detect/lib/rl_detect
[1.203s] Installing intel_subscriber script to /home/rameez/ew_rs/src/install/rl_detect/lib/rl_detect
[1.203s] writing list of installed files to '/home/rameez/ew_rs/src/build/rl_detect/install.log'
[1.221s] Invoked command in '/home/rameez/ew_rs/src/rl_detect' returned '0': CONDA_PROMPT_MODIFIER=(yworld) PYTHONPATH=/home/rameez/ew_rs/src/build/rl_detect/prefix_override:/home/rameez/ew_rs/src/install/rl_detect/lib/python3.10/site-packages:${PYTHONPATH} /home/rameez/miniconda3/envs/yworld/bin/python -W ignore:setup.py install is deprecated setup.py egg_info --egg-base ../build/rl_detect build --build-base /home/rameez/ew_rs/src/build/rl_detect/build install --record /home/rameez/ew_rs/src/build/rl_detect/install.log --single-version-externally-managed install_data --force
