running egg_info
creating ../build/rl_detect/rl_detect.egg-info
writing manifest file '../build/rl_detect/rl_detect.egg-info/SOURCES.txt'
writing manifest file '../build/rl_detect/rl_detect.egg-info/SOURCES.txt'
running build
running build_py
creating /home/rameez/ew_rs/src/build/rl_detect/build
creating /home/rameez/ew_rs/src/build/rl_detect/build/lib
creating /home/rameez/ew_rs/src/build/rl_detect/build/lib/include
copying include/__init__.py -> /home/rameez/ew_rs/src/build/rl_detect/build/lib/include
creating /home/rameez/ew_rs/src/build/rl_detect/build/lib/rl_detect
copying rl_detect/intel_pub2.py -> /home/rameez/ew_rs/src/build/rl_detect/build/lib/rl_detect
copying rl_detect/__init__.py -> /home/rameez/ew_rs/src/build/rl_detect/build/lib/rl_detect
copying rl_detect/intel_sub.py -> /home/rameez/ew_rs/src/build/rl_detect/build/lib/rl_detect
copying rl_detect/intel_sub copy.py -> /home/rameez/ew_rs/src/build/rl_detect/build/lib/rl_detect
copying rl_detect/intel_yolo.py -> /home/rameez/ew_rs/src/build/rl_detect/build/lib/rl_detect
copying rl_detect/intel_pub.py -> /home/rameez/ew_rs/src/build/rl_detect/build/lib/rl_detect
creating /home/rameez/ew_rs/src/build/rl_detect/build/lib/include/yoloworld
copying include/yoloworld/DetectionDrawer.py -> /home/rameez/ew_rs/src/build/rl_detect/build/lib/include/yoloworld
copying include/yoloworld/YOLOWorld.py -> /home/rameez/ew_rs/src/build/rl_detect/build/lib/include/yoloworld
copying include/yoloworld/ModelExporter.py -> /home/rameez/ew_rs/src/build/rl_detect/build/lib/include/yoloworld
copying include/yoloworld/nms.py -> /home/rameez/ew_rs/src/build/rl_detect/build/lib/include/yoloworld
copying include/yoloworld/__init__.py -> /home/rameez/ew_rs/src/build/rl_detect/build/lib/include/yoloworld
copying include/yoloworld/TextEmbedder.py -> /home/rameez/ew_rs/src/build/rl_detect/build/lib/include/yoloworld
running install
running install_lib
creating /home/rameez/ew_rs/src/install/rl_detect/lib/python3.10/site-packages/include
creating /home/rameez/ew_rs/src/install/rl_detect/lib/python3.10/site-packages/include/yoloworld
creating /home/rameez/ew_rs/src/install/rl_detect/lib/python3.10/site-packages/rl_detect
byte-compiling /home/rameez/ew_rs/src/install/rl_detect/lib/python3.10/site-packages/include/yoloworld/DetectionDrawer.py to DetectionDrawer.cpython-310.pyc
byte-compiling /home/rameez/ew_rs/src/install/rl_detect/lib/python3.10/site-packages/include/yoloworld/YOLOWorld.py to YOLOWorld.cpython-310.pyc
byte-compiling /home/rameez/ew_rs/src/install/rl_detect/lib/python3.10/site-packages/include/yoloworld/ModelExporter.py to ModelExporter.cpython-310.pyc
byte-compiling /home/rameez/ew_rs/src/install/rl_detect/lib/python3.10/site-packages/include/yoloworld/nms.py to nms.cpython-310.pyc
byte-compiling /home/rameez/ew_rs/src/install/rl_detect/lib/python3.10/site-packages/include/yoloworld/__init__.py to __init__.cpython-310.pyc
byte-compiling /home/rameez/ew_rs/src/install/rl_detect/lib/python3.10/site-packages/include/yoloworld/TextEmbedder.py to TextEmbedder.cpython-310.pyc
byte-compiling /home/rameez/ew_rs/src/install/rl_detect/lib/python3.10/site-packages/include/__init__.py to __init__.cpython-310.pyc
byte-compiling /home/rameez/ew_rs/src/install/rl_detect/lib/python3.10/site-packages/rl_detect/intel_pub2.py to intel_pub2.cpython-310.pyc
byte-compiling /home/rameez/ew_rs/src/install/rl_detect/lib/python3.10/site-packages/rl_detect/__init__.py to __init__.cpython-310.pyc
byte-compiling /home/rameez/ew_rs/src/install/rl_detect/lib/python3.10/site-packages/rl_detect/intel_sub.py to intel_sub.cpython-310.pyc
byte-compiling /home/rameez/ew_rs/src/install/rl_detect/lib/python3.10/site-packages/rl_detect/intel_sub copy.py to intel_sub copy.cpython-310.pyc
byte-compiling /home/rameez/ew_rs/src/install/rl_detect/lib/python3.10/site-packages/rl_detect/intel_yolo.py to intel_yolo.cpython-310.pyc
byte-compiling /home/rameez/ew_rs/src/install/rl_detect/lib/python3.10/site-packages/rl_detect/intel_pub.py to intel_pub.cpython-310.pyc
running install_data
creating /home/rameez/ew_rs/src/install/rl_detect/share/ament_index
creating /home/rameez/ew_rs/src/install/rl_detect/share/ament_index/resource_index
creating /home/rameez/ew_rs/src/install/rl_detect/share/ament_index/resource_index/packages
copying resource/rl_detect -> /home/rameez/ew_rs/src/install/rl_detect/share/ament_index/resource_index/packages
copying package.xml -> /home/rameez/ew_rs/src/install/rl_detect/share/rl_detect
running install_egg_info
Copying ../build/rl_detect/rl_detect.egg-info to /home/rameez/ew_rs/src/install/rl_detect/lib/python3.10/site-packages/rl_detect-0.0.0-py3.10.egg-info
running install_scripts
writing list of installed files to '/home/rameez/ew_rs/src/build/rl_detect/install.log'
